* installing *source* package ‘Calibration’ ...
** using staged installation
** libs
clang++ -std=gnu++11 -I"/Library/Frameworks/R.framework/Resources/include" -DNDEBUG -I/Users/razuero/Library/R/3.6/library/RcppArmadillo/include/ -I"/Users/razuero/Library/R/3.6/library/Rcpp/include" -I"/Users/razuero/Library/R/3.6/library/RcppArmadillo/include" -I"/Users/razuero/Library/R/3.6/library/nleqslv/include" -I"/Library/Frameworks/R.framework/Versions/3.6/Resources/library/lattice/include" -I"/Users/razuero/Library/R/3.6/library/ggplot2/include" -I"/Users/razuero/Library/R/3.6/library/reshape/include" -I"/Users/razuero/Library/R/3.6/library/mvtnorm/include" -isysroot /Library/Developer/CommandLineTools/SDKs/MacOSX.sdk -I/usr/local/include  -fPIC  -Wall -g -O2  -c RcppExports.cpp -o RcppExports.o
clang++ -std=gnu++11 -I"/Library/Frameworks/R.framework/Resources/include" -DNDEBUG -I/Users/razuero/Library/R/3.6/library/RcppArmadillo/include/ -I"/Users/razuero/Library/R/3.6/library/Rcpp/include" -I"/Users/razuero/Library/R/3.6/library/RcppArmadillo/include" -I"/Users/razuero/Library/R/3.6/library/nleqslv/include" -I"/Library/Frameworks/R.framework/Versions/3.6/Resources/library/lattice/include" -I"/Users/razuero/Library/R/3.6/library/ggplot2/include" -I"/Users/razuero/Library/R/3.6/library/reshape/include" -I"/Users/razuero/Library/R/3.6/library/mvtnorm/include" -isysroot /Library/Developer/CommandLineTools/SDKs/MacOSX.sdk -I/usr/local/include  -fPIC  -Wall -g -O2  -c main.cpp -o main.o
main.cpp:512:12: warning: unused variable 'd' [-Wunused-variable]
    double d=0.3;
           ^
main.cpp:1699:12: warning: unused variable 'test' [-Wunused-variable]
    double test=1;
           ^
main.cpp:2273:9: warning: unused variable 'x' [-Wunused-variable]
    int x=0;
        ^
main.cpp:2357:12: warning: unused variable 'Payrolltest' [-Wunused-variable]
    double Payrolltest=Tn(nf);
           ^
main.cpp:2940:12: warning: unused variable 'ExcessDemandValueFinal' [-Wunused-variable]
    double ExcessDemandValueFinal; /* the minimum objective value, upon return */
           ^
5 warnings generated.
clang++ -std=gnu++11 -dynamiclib -Wl,-headerpad_max_install_names -undefined dynamic_lookup -single_module -multiply_defined suppress -L/Library/Frameworks/R.framework/Resources/lib -L/usr/local/lib -o Calibration.so RcppExports.o main.o -L/Users/razuero/Downloads/nlopt-2.6.1 -lnlopt -F/Library/Frameworks/R.framework/.. -framework R -Wl,-framework -Wl,CoreFoundation
installing to /Users/razuero/Dropbox/OptmalTaxationShared/Data/git/LastGitVersion/OptimalTaxation/TheoreticalMoments/Equilibrium2/Equilibrium2/Calibration.Rcheck/00LOCK-Calibration/00new/Calibration/libs
** R
** byte-compile and prepare package for lazy loading
** help
Warning: /private/var/folders/zs/4ldb_g3j5p144765dnlckhk5z4kdnd/T/Rtmp9ULP8y/Rbuild9baba4e5417/Calibration/man/Calibration-package.Rd:26: All text must be in a section
*** installing help indices
** building package indices
** testing if installed package can be loaded from temporary location
** checking absolute paths in shared objects and dynamic libraries
** testing if installed package can be loaded from final location
** testing if installed package keeps a record of temporary installation path
* DONE (Calibration)
